
debug: Se ingresó a la ruta /
http: Se ingresó a la ruta /
info: Se ingresó a la ruta /
warning: Se ingresó a la ruta /
debug: Se ingresó a la ruta /
http: Se ingresó a la ruta /
info: Se ingresó a la ruta /
warning: Se ingresó a la ruta /
fatal: Se ingresó a la ruta /
debug: Se ingresó a la ruta /
http: Se ingresó a la ruta /
info: Se ingresó a la ruta /
warning: Se ingresó a la ruta /
error: Se ingresó a la ruta /
fatal: Se ingresó a la ruta /
debug: Se ingresó a la ruta /
http: Se ingresó a la ruta /
info: Se ingresó a la ruta /
warning: Se ingresó a la ruta /
debug: Se ingresó a la ruta /
http: Se ingresó a la ruta /
info: Se ingresó a la ruta /
warning: Se ingresó a la ruta /
debug: Se ingresó a la ruta /
http: Se ingresó a la ruta /
info: Se ingresó a la ruta /
warning: Se ingresó a la ruta /
debug: Se ingresó a la ruta /
http: Se ingresó a la ruta /
info: Se ingresó a la ruta /
warning: Se ingresó a la ruta /
error: Se ingresó a la ruta /
fatal: Se ingresó a la ruta /
